::1 - - [23/Jan/2019:17:12:58 +0000] "GET /products HTTP/1.1" 304 - "-" "Mozilla/5.0 (Macintosh; Intel Mac OS X 10_14_2) AppleWebKit/537.36 (KHTML, like Gecko) Chrome/71.0.3578.98 Safari/537.36"
::1 - - [23/Jan/2019:17:13:04 +0000] "GET /products/1 HTTP/1.1" 304 - "http://localhost:3000/products" "Mozilla/5.0 (Macintosh; Intel Mac OS X 10_14_2) AppleWebKit/537.36 (KHTML, like Gecko) Chrome/71.0.3578.98 Safari/537.36"
::1 - - [23/Jan/2019:17:15:20 +0000] "GET /customers HTTP/1.1" 200 680 "http://localhost:3000/products/1" "Mozilla/5.0 (Macintosh; Intel Mac OS X 10_14_2) AppleWebKit/537.36 (KHTML, like Gecko) Chrome/71.0.3578.98 Safari/537.36"
::1 - - [23/Jan/2019:17:15:21 +0000] "GET /customers/0 HTTP/1.1" 304 - "http://localhost:3000/customers" "Mozilla/5.0 (Macintosh; Intel Mac OS X 10_14_2) AppleWebKit/537.36 (KHTML, like Gecko) Chrome/71.0.3578.98 Safari/537.36"
::1 - - [23/Jan/2019:17:18:37 +0000] "GET /customers/0 HTTP/1.1" 304 - "http://localhost:3000/customers" "Mozilla/5.0 (Macintosh; Intel Mac OS X 10_14_2) AppleWebKit/537.36 (KHTML, like Gecko) Chrome/71.0.3578.98 Safari/537.36"
::1 - - [23/Jan/2019:17:18:38 +0000] "GET /customers/0 HTTP/1.1" 304 - "http://localhost:3000/customers" "Mozilla/5.0 (Macintosh; Intel Mac OS X 10_14_2) AppleWebKit/537.36 (KHTML, like Gecko) Chrome/71.0.3578.98 Safari/537.36"
::1 - - [23/Jan/2019:17:18:39 +0000] "GET /customers/ HTTP/1.1" 304 - "-" "Mozilla/5.0 (Macintosh; Intel Mac OS X 10_14_2) AppleWebKit/537.36 (KHTML, like Gecko) Chrome/71.0.3578.98 Safari/537.36"
::1 - - [23/Jan/2019:17:18:47 +0000] "GET /customers HTTP/1.1" 304 - "http://localhost:3000/customers/" "Mozilla/5.0 (Macintosh; Intel Mac OS X 10_14_2) AppleWebKit/537.36 (KHTML, like Gecko) Chrome/71.0.3578.98 Safari/537.36"
::1 - - [23/Jan/2019:17:18:48 +0000] "GET /products HTTP/1.1" 304 - "http://localhost:3000/customers" "Mozilla/5.0 (Macintosh; Intel Mac OS X 10_14_2) AppleWebKit/537.36 (KHTML, like Gecko) Chrome/71.0.3578.98 Safari/537.36"
::1 - - [23/Jan/2019:17:18:49 +0000] "GET /customers HTTP/1.1" 304 - "http://localhost:3000/products" "Mozilla/5.0 (Macintosh; Intel Mac OS X 10_14_2) AppleWebKit/537.36 (KHTML, like Gecko) Chrome/71.0.3578.98 Safari/537.36"
::1 - - [23/Jan/2019:17:19:36 +0000] "GET /customers HTTP/1.1" 304 - "http://localhost:3000/products" "Mozilla/5.0 (Macintosh; Intel Mac OS X 10_14_2) AppleWebKit/537.36 (KHTML, like Gecko) Chrome/71.0.3578.98 Safari/537.36"
::1 - - [23/Jan/2019:17:19:39 +0000] "GET /customer HTTP/1.1" 404 147 "-" "Mozilla/5.0 (Macintosh; Intel Mac OS X 10_14_2) AppleWebKit/537.36 (KHTML, like Gecko) Chrome/71.0.3578.98 Safari/537.36"
::1 - - [23/Jan/2019:17:19:41 +0000] "GET /customers HTTP/1.1" 304 - "-" "Mozilla/5.0 (Macintosh; Intel Mac OS X 10_14_2) AppleWebKit/537.36 (KHTML, like Gecko) Chrome/71.0.3578.98 Safari/537.36"
::1 - - [23/Jan/2019:17:19:42 +0000] "GET /customers HTTP/1.1" 304 - "http://localhost:3000/customers" "Mozilla/5.0 (Macintosh; Intel Mac OS X 10_14_2) AppleWebKit/537.36 (KHTML, like Gecko) Chrome/71.0.3578.98 Safari/537.36"
::1 - - [23/Jan/2019:17:19:43 +0000] "GET /products HTTP/1.1" 304 - "http://localhost:3000/customers" "Mozilla/5.0 (Macintosh; Intel Mac OS X 10_14_2) AppleWebKit/537.36 (KHTML, like Gecko) Chrome/71.0.3578.98 Safari/537.36"
::1 - - [23/Jan/2019:17:19:43 +0000] "GET /customers HTTP/1.1" 304 - "http://localhost:3000/products" "Mozilla/5.0 (Macintosh; Intel Mac OS X 10_14_2) AppleWebKit/537.36 (KHTML, like Gecko) Chrome/71.0.3578.98 Safari/537.36"
::1 - - [23/Jan/2019:17:19:44 +0000] "GET /customers HTTP/1.1" 304 - "http://localhost:3000/customers" "Mozilla/5.0 (Macintosh; Intel Mac OS X 10_14_2) AppleWebKit/537.36 (KHTML, like Gecko) Chrome/71.0.3578.98 Safari/537.36"
::1 - - [23/Jan/2019:17:19:51 +0000] "GET /customers HTTP/1.1" 200 666 "http://localhost:3000/customers" "Mozilla/5.0 (Macintosh; Intel Mac OS X 10_14_2) AppleWebKit/537.36 (KHTML, like Gecko) Chrome/71.0.3578.98 Safari/537.36"
::1 - - [23/Jan/2019:17:19:51 +0000] "GET /style.css HTTP/1.1" 200 30 "http://localhost:3000/customers" "Mozilla/5.0 (Macintosh; Intel Mac OS X 10_14_2) AppleWebKit/537.36 (KHTML, like Gecko) Chrome/71.0.3578.98 Safari/537.36"
::1 - - [23/Jan/2019:17:20:09 +0000] "GET /customers HTTP/1.1" 304 - "http://localhost:3000/customers" "Mozilla/5.0 (Macintosh; Intel Mac OS X 10_14_2) AppleWebKit/537.36 (KHTML, like Gecko) Chrome/71.0.3578.98 Safari/537.36"
::1 - - [23/Jan/2019:17:20:09 +0000] "GET /style.css HTTP/1.1" 304 - "http://localhost:3000/customers" "Mozilla/5.0 (Macintosh; Intel Mac OS X 10_14_2) AppleWebKit/537.36 (KHTML, like Gecko) Chrome/71.0.3578.98 Safari/537.36"
::1 - - [23/Jan/2019:17:20:10 +0000] "GET /customers/0 HTTP/1.1" 304 - "http://localhost:3000/customers" "Mozilla/5.0 (Macintosh; Intel Mac OS X 10_14_2) AppleWebKit/537.36 (KHTML, like Gecko) Chrome/71.0.3578.98 Safari/537.36"
::1 - - [23/Jan/2019:17:20:11 +0000] "GET /customers HTTP/1.1" 304 - "http://localhost:3000/customers/0" "Mozilla/5.0 (Macintosh; Intel Mac OS X 10_14_2) AppleWebKit/537.36 (KHTML, like Gecko) Chrome/71.0.3578.98 Safari/537.36"
::1 - - [23/Jan/2019:17:20:11 +0000] "GET /style.css HTTP/1.1" 304 - "http://localhost:3000/customers" "Mozilla/5.0 (Macintosh; Intel Mac OS X 10_14_2) AppleWebKit/537.36 (KHTML, like Gecko) Chrome/71.0.3578.98 Safari/537.36"
::1 - - [23/Jan/2019:17:20:13 +0000] "GET /customers/3 HTTP/1.1" 304 - "http://localhost:3000/customers" "Mozilla/5.0 (Macintosh; Intel Mac OS X 10_14_2) AppleWebKit/537.36 (KHTML, like Gecko) Chrome/71.0.3578.98 Safari/537.36"
::1 - - [23/Jan/2019:17:20:14 +0000] "GET /products HTTP/1.1" 200 713 "http://localhost:3000/customers/3" "Mozilla/5.0 (Macintosh; Intel Mac OS X 10_14_2) AppleWebKit/537.36 (KHTML, like Gecko) Chrome/71.0.3578.98 Safari/537.36"
::1 - - [23/Jan/2019:17:20:14 +0000] "GET /style.css HTTP/1.1" 304 - "http://localhost:3000/products" "Mozilla/5.0 (Macintosh; Intel Mac OS X 10_14_2) AppleWebKit/537.36 (KHTML, like Gecko) Chrome/71.0.3578.98 Safari/537.36"
::1 - - [23/Jan/2019:17:20:15 +0000] "GET /products/0 HTTP/1.1" 304 - "http://localhost:3000/products" "Mozilla/5.0 (Macintosh; Intel Mac OS X 10_14_2) AppleWebKit/537.36 (KHTML, like Gecko) Chrome/71.0.3578.98 Safari/537.36"
::1 - - [23/Jan/2019:17:20:16 +0000] "GET /products HTTP/1.1" 304 - "http://localhost:3000/products/0" "Mozilla/5.0 (Macintosh; Intel Mac OS X 10_14_2) AppleWebKit/537.36 (KHTML, like Gecko) Chrome/71.0.3578.98 Safari/537.36"
::1 - - [23/Jan/2019:17:20:16 +0000] "GET /style.css HTTP/1.1" 304 - "http://localhost:3000/products" "Mozilla/5.0 (Macintosh; Intel Mac OS X 10_14_2) AppleWebKit/537.36 (KHTML, like Gecko) Chrome/71.0.3578.98 Safari/537.36"
::1 - - [23/Jan/2019:17:20:17 +0000] "GET /products/2/edit HTTP/1.1" 200 702 "http://localhost:3000/products" "Mozilla/5.0 (Macintosh; Intel Mac OS X 10_14_2) AppleWebKit/537.36 (KHTML, like Gecko) Chrome/71.0.3578.98 Safari/537.36"
::1 - - [23/Jan/2019:17:20:19 +0000] "GET /customers HTTP/1.1" 304 - "http://localhost:3000/products/2/edit" "Mozilla/5.0 (Macintosh; Intel Mac OS X 10_14_2) AppleWebKit/537.36 (KHTML, like Gecko) Chrome/71.0.3578.98 Safari/537.36"
::1 - - [23/Jan/2019:17:20:19 +0000] "GET /style.css HTTP/1.1" 304 - "http://localhost:3000/customers" "Mozilla/5.0 (Macintosh; Intel Mac OS X 10_14_2) AppleWebKit/537.36 (KHTML, like Gecko) Chrome/71.0.3578.98 Safari/537.36"
::1 - - [23/Jan/2019:17:20:26 +0000] "GET /customers HTTP/1.1" 304 - "-" "Mozilla/5.0 (Macintosh; Intel Mac OS X 10_14_2) AppleWebKit/537.36 (KHTML, like Gecko) Chrome/71.0.3578.98 Safari/537.36"
::1 - - [23/Jan/2019:17:20:26 +0000] "GET /style.css HTTP/1.1" 304 - "http://localhost:3000/customers" "Mozilla/5.0 (Macintosh; Intel Mac OS X 10_14_2) AppleWebKit/537.36 (KHTML, like Gecko) Chrome/71.0.3578.98 Safari/537.36"
::1 - - [23/Jan/2019:17:20:31 +0000] "GET /customers/0 HTTP/1.1" 304 - "http://localhost:3000/customers" "Mozilla/5.0 (Macintosh; Intel Mac OS X 10_14_2) AppleWebKit/537.36 (KHTML, like Gecko) Chrome/71.0.3578.98 Safari/537.36"
::1 - - [23/Jan/2019:17:20:33 +0000] "GET /products HTTP/1.1" 304 - "http://localhost:3000/customers/0" "Mozilla/5.0 (Macintosh; Intel Mac OS X 10_14_2) AppleWebKit/537.36 (KHTML, like Gecko) Chrome/71.0.3578.98 Safari/537.36"
::1 - - [23/Jan/2019:17:20:33 +0000] "GET /style.css HTTP/1.1" 304 - "http://localhost:3000/products" "Mozilla/5.0 (Macintosh; Intel Mac OS X 10_14_2) AppleWebKit/537.36 (KHTML, like Gecko) Chrome/71.0.3578.98 Safari/537.36"
::1 - - [23/Jan/2019:17:20:34 +0000] "GET /products HTTP/1.1" 304 - "-" "Mozilla/5.0 (Macintosh; Intel Mac OS X 10_14_2) AppleWebKit/537.36 (KHTML, like Gecko) Chrome/71.0.3578.98 Safari/537.36"
::1 - - [23/Jan/2019:17:20:34 +0000] "GET /style.css HTTP/1.1" 304 - "http://localhost:3000/products" "Mozilla/5.0 (Macintosh; Intel Mac OS X 10_14_2) AppleWebKit/537.36 (KHTML, like Gecko) Chrome/71.0.3578.98 Safari/537.36"
::1 - - [23/Jan/2019:17:20:35 +0000] "GET /products/3/edit HTTP/1.1" 200 702 "http://localhost:3000/products" "Mozilla/5.0 (Macintosh; Intel Mac OS X 10_14_2) AppleWebKit/537.36 (KHTML, like Gecko) Chrome/71.0.3578.98 Safari/537.36"
::1 - - [23/Jan/2019:17:20:57 +0000] "GET /products HTTP/1.1" 304 - "-" "Mozilla/5.0 (Macintosh; Intel Mac OS X 10_14_2) AppleWebKit/537.36 (KHTML, like Gecko) Chrome/71.0.3578.98 Safari/537.36"
::1 - - [23/Jan/2019:17:20:57 +0000] "GET /style.css HTTP/1.1" 304 - "http://localhost:3000/products" "Mozilla/5.0 (Macintosh; Intel Mac OS X 10_14_2) AppleWebKit/537.36 (KHTML, like Gecko) Chrome/71.0.3578.98 Safari/537.36"
::1 - - [23/Jan/2019:17:20:58 +0000] "GET /products/0 HTTP/1.1" 304 - "http://localhost:3000/products" "Mozilla/5.0 (Macintosh; Intel Mac OS X 10_14_2) AppleWebKit/537.36 (KHTML, like Gecko) Chrome/71.0.3578.98 Safari/537.36"
::1 - - [23/Jan/2019:17:21:00 +0000] "GET /products HTTP/1.1" 304 - "http://localhost:3000/products/0" "Mozilla/5.0 (Macintosh; Intel Mac OS X 10_14_2) AppleWebKit/537.36 (KHTML, like Gecko) Chrome/71.0.3578.98 Safari/537.36"
::1 - - [23/Jan/2019:17:21:00 +0000] "GET /style.css HTTP/1.1" 304 - "http://localhost:3000/products" "Mozilla/5.0 (Macintosh; Intel Mac OS X 10_14_2) AppleWebKit/537.36 (KHTML, like Gecko) Chrome/71.0.3578.98 Safari/537.36"
::1 - - [23/Jan/2019:17:21:02 +0000] "GET /products/new HTTP/1.1" 304 - "http://localhost:3000/products" "Mozilla/5.0 (Macintosh; Intel Mac OS X 10_14_2) AppleWebKit/537.36 (KHTML, like Gecko) Chrome/71.0.3578.98 Safari/537.36"
::1 - - [23/Jan/2019:17:21:03 +0000] "GET /customers HTTP/1.1" 304 - "http://localhost:3000/products/new" "Mozilla/5.0 (Macintosh; Intel Mac OS X 10_14_2) AppleWebKit/537.36 (KHTML, like Gecko) Chrome/71.0.3578.98 Safari/537.36"
::1 - - [23/Jan/2019:17:21:03 +0000] "GET /style.css HTTP/1.1" 304 - "http://localhost:3000/customers" "Mozilla/5.0 (Macintosh; Intel Mac OS X 10_14_2) AppleWebKit/537.36 (KHTML, like Gecko) Chrome/71.0.3578.98 Safari/537.36"
::1 - - [23/Jan/2019:17:21:05 +0000] "GET /products HTTP/1.1" 304 - "http://localhost:3000/customers" "Mozilla/5.0 (Macintosh; Intel Mac OS X 10_14_2) AppleWebKit/537.36 (KHTML, like Gecko) Chrome/71.0.3578.98 Safari/537.36"
::1 - - [23/Jan/2019:17:21:05 +0000] "GET /style.css HTTP/1.1" 304 - "http://localhost:3000/products" "Mozilla/5.0 (Macintosh; Intel Mac OS X 10_14_2) AppleWebKit/537.36 (KHTML, like Gecko) Chrome/71.0.3578.98 Safari/537.36"
::1 - - [23/Jan/2019:17:21:05 +0000] "GET /customers HTTP/1.1" 304 - "http://localhost:3000/products" "Mozilla/5.0 (Macintosh; Intel Mac OS X 10_14_2) AppleWebKit/537.36 (KHTML, like Gecko) Chrome/71.0.3578.98 Safari/537.36"
::1 - - [23/Jan/2019:17:21:05 +0000] "GET /style.css HTTP/1.1" 304 - "http://localhost:3000/customers" "Mozilla/5.0 (Macintosh; Intel Mac OS X 10_14_2) AppleWebKit/537.36 (KHTML, like Gecko) Chrome/71.0.3578.98 Safari/537.36"
::1 - - [23/Jan/2019:17:21:27 +0000] "GET /customers HTTP/1.1" 304 - "http://localhost:3000/products" "Mozilla/5.0 (Macintosh; Intel Mac OS X 10_14_2) AppleWebKit/537.36 (KHTML, like Gecko) Chrome/71.0.3578.98 Safari/537.36"
::1 - - [23/Jan/2019:17:21:27 +0000] "GET /style.css HTTP/1.1" 304 - "http://localhost:3000/customers" "Mozilla/5.0 (Macintosh; Intel Mac OS X 10_14_2) AppleWebKit/537.36 (KHTML, like Gecko) Chrome/71.0.3578.98 Safari/537.36"
::1 - - [23/Jan/2019:17:21:28 +0000] "GET /customers HTTP/1.1" 304 - "-" "Mozilla/5.0 (Macintosh; Intel Mac OS X 10_14_2) AppleWebKit/537.36 (KHTML, like Gecko) Chrome/71.0.3578.98 Safari/537.36"
::1 - - [23/Jan/2019:17:21:28 +0000] "GET /style.css HTTP/1.1" 304 - "http://localhost:3000/customers" "Mozilla/5.0 (Macintosh; Intel Mac OS X 10_14_2) AppleWebKit/537.36 (KHTML, like Gecko) Chrome/71.0.3578.98 Safari/537.36"
::1 - - [23/Jan/2019:17:21:29 +0000] "GET /customers/0/edit HTTP/1.1" 304 - "http://localhost:3000/customers" "Mozilla/5.0 (Macintosh; Intel Mac OS X 10_14_2) AppleWebKit/537.36 (KHTML, like Gecko) Chrome/71.0.3578.98 Safari/537.36"
::1 - - [23/Jan/2019:17:21:37 +0000] "GET /customers/0/edit HTTP/1.1" 200 765 "http://localhost:3000/customers" "Mozilla/5.0 (Macintosh; Intel Mac OS X 10_14_2) AppleWebKit/537.36 (KHTML, like Gecko) Chrome/71.0.3578.98 Safari/537.36"
::1 - - [23/Jan/2019:17:21:37 +0000] "GET /customers/0/style.css HTTP/1.1" 404 160 "http://localhost:3000/customers/0/edit" "Mozilla/5.0 (Macintosh; Intel Mac OS X 10_14_2) AppleWebKit/537.36 (KHTML, like Gecko) Chrome/71.0.3578.98 Safari/537.36"
::1 - - [23/Jan/2019:17:21:38 +0000] "GET /customers/0/edit HTTP/1.1" 304 - "-" "Mozilla/5.0 (Macintosh; Intel Mac OS X 10_14_2) AppleWebKit/537.36 (KHTML, like Gecko) Chrome/71.0.3578.98 Safari/537.36"
::1 - - [23/Jan/2019:17:21:38 +0000] "GET /customers/0/style.css HTTP/1.1" 404 160 "http://localhost:3000/customers/0/edit" "Mozilla/5.0 (Macintosh; Intel Mac OS X 10_14_2) AppleWebKit/537.36 (KHTML, like Gecko) Chrome/71.0.3578.98 Safari/537.36"
::1 - - [23/Jan/2019:17:21:40 +0000] "GET /customers HTTP/1.1" 304 - "http://localhost:3000/customers/0/edit" "Mozilla/5.0 (Macintosh; Intel Mac OS X 10_14_2) AppleWebKit/537.36 (KHTML, like Gecko) Chrome/71.0.3578.98 Safari/537.36"
::1 - - [23/Jan/2019:17:21:40 +0000] "GET /style.css HTTP/1.1" 304 - "http://localhost:3000/customers" "Mozilla/5.0 (Macintosh; Intel Mac OS X 10_14_2) AppleWebKit/537.36 (KHTML, like Gecko) Chrome/71.0.3578.98 Safari/537.36"
::1 - - [23/Jan/2019:17:21:41 +0000] "GET /customers/0/edit HTTP/1.1" 304 - "http://localhost:3000/customers" "Mozilla/5.0 (Macintosh; Intel Mac OS X 10_14_2) AppleWebKit/537.36 (KHTML, like Gecko) Chrome/71.0.3578.98 Safari/537.36"
::1 - - [23/Jan/2019:17:21:41 +0000] "GET /customers/0/style.css HTTP/1.1" 404 160 "http://localhost:3000/customers/0/edit" "Mozilla/5.0 (Macintosh; Intel Mac OS X 10_14_2) AppleWebKit/537.36 (KHTML, like Gecko) Chrome/71.0.3578.98 Safari/537.36"
::1 - - [23/Jan/2019:17:21:49 +0000] "GET /customers/0/edit HTTP/1.1" 200 771 "http://localhost:3000/customers" "Mozilla/5.0 (Macintosh; Intel Mac OS X 10_14_2) AppleWebKit/537.36 (KHTML, like Gecko) Chrome/71.0.3578.98 Safari/537.36"
::1 - - [23/Jan/2019:17:21:49 +0000] "GET /style.css HTTP/1.1" 304 - "http://localhost:3000/customers/0/edit" "Mozilla/5.0 (Macintosh; Intel Mac OS X 10_14_2) AppleWebKit/537.36 (KHTML, like Gecko) Chrome/71.0.3578.98 Safari/537.36"
::1 - - [23/Jan/2019:17:22:04 +0000] "GET /customers/0/edit HTTP/1.1" 304 - "http://localhost:3000/customers" "Mozilla/5.0 (Macintosh; Intel Mac OS X 10_14_2) AppleWebKit/537.36 (KHTML, like Gecko) Chrome/71.0.3578.98 Safari/537.36"
::1 - - [23/Jan/2019:17:22:04 +0000] "GET /style.css HTTP/1.1" 304 - "http://localhost:3000/customers/0/edit" "Mozilla/5.0 (Macintosh; Intel Mac OS X 10_14_2) AppleWebKit/537.36 (KHTML, like Gecko) Chrome/71.0.3578.98 Safari/537.36"
::1 - - [23/Jan/2019:17:22:08 +0000] "GET /customers HTTP/1.1" 304 - "http://localhost:3000/customers/0/edit" "Mozilla/5.0 (Macintosh; Intel Mac OS X 10_14_2) AppleWebKit/537.36 (KHTML, like Gecko) Chrome/71.0.3578.98 Safari/537.36"
::1 - - [23/Jan/2019:17:22:08 +0000] "GET /style.css HTTP/1.1" 304 - "http://localhost:3000/customers" "Mozilla/5.0 (Macintosh; Intel Mac OS X 10_14_2) AppleWebKit/537.36 (KHTML, like Gecko) Chrome/71.0.3578.98 Safari/537.36"
::1 - - [23/Jan/2019:17:22:09 +0000] "GET /customers HTTP/1.1" 304 - "http://localhost:3000/customers" "Mozilla/5.0 (Macintosh; Intel Mac OS X 10_14_2) AppleWebKit/537.36 (KHTML, like Gecko) Chrome/71.0.3578.98 Safari/537.36"
::1 - - [23/Jan/2019:17:22:09 +0000] "GET /style.css HTTP/1.1" 304 - "http://localhost:3000/customers" "Mozilla/5.0 (Macintosh; Intel Mac OS X 10_14_2) AppleWebKit/537.36 (KHTML, like Gecko) Chrome/71.0.3578.98 Safari/537.36"
::1 - - [23/Jan/2019:17:22:10 +0000] "GET /products HTTP/1.1" 304 - "http://localhost:3000/customers" "Mozilla/5.0 (Macintosh; Intel Mac OS X 10_14_2) AppleWebKit/537.36 (KHTML, like Gecko) Chrome/71.0.3578.98 Safari/537.36"
::1 - - [23/Jan/2019:17:22:10 +0000] "GET /style.css HTTP/1.1" 304 - "http://localhost:3000/products" "Mozilla/5.0 (Macintosh; Intel Mac OS X 10_14_2) AppleWebKit/537.36 (KHTML, like Gecko) Chrome/71.0.3578.98 Safari/537.36"
::1 - - [23/Jan/2019:17:22:11 +0000] "GET /products/2/edit HTTP/1.1" 200 761 "http://localhost:3000/products" "Mozilla/5.0 (Macintosh; Intel Mac OS X 10_14_2) AppleWebKit/537.36 (KHTML, like Gecko) Chrome/71.0.3578.98 Safari/537.36"
::1 - - [23/Jan/2019:17:22:11 +0000] "GET /style.css HTTP/1.1" 304 - "http://localhost:3000/products/2/edit" "Mozilla/5.0 (Macintosh; Intel Mac OS X 10_14_2) AppleWebKit/537.36 (KHTML, like Gecko) Chrome/71.0.3578.98 Safari/537.36"
::1 - - [23/Jan/2019:17:22:12 +0000] "GET /customers HTTP/1.1" 304 - "http://localhost:3000/products/2/edit" "Mozilla/5.0 (Macintosh; Intel Mac OS X 10_14_2) AppleWebKit/537.36 (KHTML, like Gecko) Chrome/71.0.3578.98 Safari/537.36"
::1 - - [23/Jan/2019:17:22:12 +0000] "GET /style.css HTTP/1.1" 304 - "http://localhost:3000/customers" "Mozilla/5.0 (Macintosh; Intel Mac OS X 10_14_2) AppleWebKit/537.36 (KHTML, like Gecko) Chrome/71.0.3578.98 Safari/537.36"
::1 - - [23/Jan/2019:17:22:13 +0000] "GET /customers/new HTTP/1.1" 304 - "http://localhost:3000/customers" "Mozilla/5.0 (Macintosh; Intel Mac OS X 10_14_2) AppleWebKit/537.36 (KHTML, like Gecko) Chrome/71.0.3578.98 Safari/537.36"
::1 - - [23/Jan/2019:17:22:40 +0000] "POST /customers HTTP/1.1" 302 64 "http://localhost:3000/customers/new" "Mozilla/5.0 (Macintosh; Intel Mac OS X 10_14_2) AppleWebKit/537.36 (KHTML, like Gecko) Chrome/71.0.3578.98 Safari/537.36"
::1 - - [23/Jan/2019:17:22:40 +0000] "GET /customers HTTP/1.1" 200 750 "http://localhost:3000/customers/new" "Mozilla/5.0 (Macintosh; Intel Mac OS X 10_14_2) AppleWebKit/537.36 (KHTML, like Gecko) Chrome/71.0.3578.98 Safari/537.36"
::1 - - [23/Jan/2019:17:22:40 +0000] "GET /style.css HTTP/1.1" 304 - "http://localhost:3000/customers" "Mozilla/5.0 (Macintosh; Intel Mac OS X 10_14_2) AppleWebKit/537.36 (KHTML, like Gecko) Chrome/71.0.3578.98 Safari/537.36"
::1 - - [23/Jan/2019:17:22:44 +0000] "GET /customers/new HTTP/1.1" 304 - "http://localhost:3000/customers" "Mozilla/5.0 (Macintosh; Intel Mac OS X 10_14_2) AppleWebKit/537.36 (KHTML, like Gecko) Chrome/71.0.3578.98 Safari/537.36"
::1 - - [23/Jan/2019:17:22:52 +0000] "GET /customers/new HTTP/1.1" 304 - "http://localhost:3000/customers" "Mozilla/5.0 (Macintosh; Intel Mac OS X 10_14_2) AppleWebKit/537.36 (KHTML, like Gecko) Chrome/71.0.3578.98 Safari/537.36"
::1 - - [23/Jan/2019:17:22:52 +0000] "GET /customers/new HTTP/1.1" 304 - "http://localhost:3000/customers" "Mozilla/5.0 (Macintosh; Intel Mac OS X 10_14_2) AppleWebKit/537.36 (KHTML, like Gecko) Chrome/71.0.3578.98 Safari/537.36"
::1 - - [23/Jan/2019:17:22:58 +0000] "GET /customers/new HTTP/1.1" 304 - "http://localhost:3000/customers" "Mozilla/5.0 (Macintosh; Intel Mac OS X 10_14_2) AppleWebKit/537.36 (KHTML, like Gecko) Chrome/71.0.3578.98 Safari/537.36"
::1 - - [23/Jan/2019:17:22:58 +0000] "GET /customers/new HTTP/1.1" 304 - "http://localhost:3000/customers" "Mozilla/5.0 (Macintosh; Intel Mac OS X 10_14_2) AppleWebKit/537.36 (KHTML, like Gecko) Chrome/71.0.3578.98 Safari/537.36"
::1 - - [23/Jan/2019:17:22:58 +0000] "GET /customers/new HTTP/1.1" 304 - "http://localhost:3000/customers" "Mozilla/5.0 (Macintosh; Intel Mac OS X 10_14_2) AppleWebKit/537.36 (KHTML, like Gecko) Chrome/71.0.3578.98 Safari/537.36"
::1 - - [23/Jan/2019:17:22:59 +0000] "GET /customers/new HTTP/1.1" 304 - "http://localhost:3000/customers" "Mozilla/5.0 (Macintosh; Intel Mac OS X 10_14_2) AppleWebKit/537.36 (KHTML, like Gecko) Chrome/71.0.3578.98 Safari/537.36"
::1 - - [23/Jan/2019:17:23:06 +0000] "GET /customers/new HTTP/1.1" 304 - "http://localhost:3000/customers" "Mozilla/5.0 (Macintosh; Intel Mac OS X 10_14_2) AppleWebKit/537.36 (KHTML, like Gecko) Chrome/71.0.3578.98 Safari/537.36"
::1 - - [23/Jan/2019:17:23:06 +0000] "GET /customers/new HTTP/1.1" 304 - "http://localhost:3000/customers" "Mozilla/5.0 (Macintosh; Intel Mac OS X 10_14_2) AppleWebKit/537.36 (KHTML, like Gecko) Chrome/71.0.3578.98 Safari/537.36"
::1 - - [23/Jan/2019:17:23:06 +0000] "GET /customers/new HTTP/1.1" 304 - "http://localhost:3000/customers" "Mozilla/5.0 (Macintosh; Intel Mac OS X 10_14_2) AppleWebKit/537.36 (KHTML, like Gecko) Chrome/71.0.3578.98 Safari/537.36"
::1 - - [23/Jan/2019:17:23:07 +0000] "GET /customers/new HTTP/1.1" 304 - "http://localhost:3000/customers" "Mozilla/5.0 (Macintosh; Intel Mac OS X 10_14_2) AppleWebKit/537.36 (KHTML, like Gecko) Chrome/71.0.3578.98 Safari/537.36"
::1 - - [23/Jan/2019:17:23:07 +0000] "GET /customers/new HTTP/1.1" 304 - "http://localhost:3000/customers" "Mozilla/5.0 (Macintosh; Intel Mac OS X 10_14_2) AppleWebKit/537.36 (KHTML, like Gecko) Chrome/71.0.3578.98 Safari/537.36"
::1 - - [23/Jan/2019:17:23:12 +0000] "GET /customers HTTP/1.1" 304 - "http://localhost:3000/customers/new" "Mozilla/5.0 (Macintosh; Intel Mac OS X 10_14_2) AppleWebKit/537.36 (KHTML, like Gecko) Chrome/71.0.3578.98 Safari/537.36"
::1 - - [23/Jan/2019:17:23:12 +0000] "GET /style.css HTTP/1.1" 304 - "http://localhost:3000/customers" "Mozilla/5.0 (Macintosh; Intel Mac OS X 10_14_2) AppleWebKit/537.36 (KHTML, like Gecko) Chrome/71.0.3578.98 Safari/537.36"
::1 - - [23/Jan/2019:17:23:13 +0000] "GET /customers/3/edit HTTP/1.1" 200 771 "http://localhost:3000/customers" "Mozilla/5.0 (Macintosh; Intel Mac OS X 10_14_2) AppleWebKit/537.36 (KHTML, like Gecko) Chrome/71.0.3578.98 Safari/537.36"
::1 - - [23/Jan/2019:17:23:13 +0000] "GET /style.css HTTP/1.1" 304 - "http://localhost:3000/customers/3/edit" "Mozilla/5.0 (Macintosh; Intel Mac OS X 10_14_2) AppleWebKit/537.36 (KHTML, like Gecko) Chrome/71.0.3578.98 Safari/537.36"
::1 - - [23/Jan/2019:17:23:24 +0000] "GET /customers/3/edit HTTP/1.1" 304 - "http://localhost:3000/customers" "Mozilla/5.0 (Macintosh; Intel Mac OS X 10_14_2) AppleWebKit/537.36 (KHTML, like Gecko) Chrome/71.0.3578.98 Safari/537.36"
::1 - - [23/Jan/2019:17:23:24 +0000] "GET /style.css HTTP/1.1" 304 - "http://localhost:3000/customers/3/edit" "Mozilla/5.0 (Macintosh; Intel Mac OS X 10_14_2) AppleWebKit/537.36 (KHTML, like Gecko) Chrome/71.0.3578.98 Safari/537.36"
::1 - - [23/Jan/2019:17:23:25 +0000] "GET /customers HTTP/1.1" 304 - "http://localhost:3000/customers/3/edit" "Mozilla/5.0 (Macintosh; Intel Mac OS X 10_14_2) AppleWebKit/537.36 (KHTML, like Gecko) Chrome/71.0.3578.98 Safari/537.36"
::1 - - [23/Jan/2019:17:23:25 +0000] "GET /style.css HTTP/1.1" 304 - "http://localhost:3000/customers" "Mozilla/5.0 (Macintosh; Intel Mac OS X 10_14_2) AppleWebKit/537.36 (KHTML, like Gecko) Chrome/71.0.3578.98 Safari/537.36"
::1 - - [23/Jan/2019:17:23:26 +0000] "GET /customers/new HTTP/1.1" 304 - "http://localhost:3000/customers" "Mozilla/5.0 (Macintosh; Intel Mac OS X 10_14_2) AppleWebKit/537.36 (KHTML, like Gecko) Chrome/71.0.3578.98 Safari/537.36"
::1 - - [23/Jan/2019:17:23:31 +0000] "GET /customers/new HTTP/1.1" 304 - "http://localhost:3000/customers" "Mozilla/5.0 (Macintosh; Intel Mac OS X 10_14_2) AppleWebKit/537.36 (KHTML, like Gecko) Chrome/71.0.3578.98 Safari/537.36"
::1 - - [23/Jan/2019:17:23:32 +0000] "GET /customers/new HTTP/1.1" 304 - "http://localhost:3000/customers" "Mozilla/5.0 (Macintosh; Intel Mac OS X 10_14_2) AppleWebKit/537.36 (KHTML, like Gecko) Chrome/71.0.3578.98 Safari/537.36"
::1 - - [23/Jan/2019:17:23:32 +0000] "GET /customers/new HTTP/1.1" 304 - "http://localhost:3000/customers" "Mozilla/5.0 (Macintosh; Intel Mac OS X 10_14_2) AppleWebKit/537.36 (KHTML, like Gecko) Chrome/71.0.3578.98 Safari/537.36"
::1 - - [23/Jan/2019:17:23:50 +0000] "GET /customers/new HTTP/1.1" 200 783 "http://localhost:3000/customers" "Mozilla/5.0 (Macintosh; Intel Mac OS X 10_14_2) AppleWebKit/537.36 (KHTML, like Gecko) Chrome/71.0.3578.98 Safari/537.36"
::1 - - [23/Jan/2019:17:23:50 +0000] "GET /style.css HTTP/1.1" 304 - "http://localhost:3000/customers/new" "Mozilla/5.0 (Macintosh; Intel Mac OS X 10_14_2) AppleWebKit/537.36 (KHTML, like Gecko) Chrome/71.0.3578.98 Safari/537.36"
::1 - - [23/Jan/2019:17:23:50 +0000] "GET /customers/new HTTP/1.1" 304 - "http://localhost:3000/customers" "Mozilla/5.0 (Macintosh; Intel Mac OS X 10_14_2) AppleWebKit/537.36 (KHTML, like Gecko) Chrome/71.0.3578.98 Safari/537.36"
::1 - - [23/Jan/2019:17:23:50 +0000] "GET /style.css HTTP/1.1" 304 - "http://localhost:3000/customers/new" "Mozilla/5.0 (Macintosh; Intel Mac OS X 10_14_2) AppleWebKit/537.36 (KHTML, like Gecko) Chrome/71.0.3578.98 Safari/537.36"
::1 - - [23/Jan/2019:17:23:51 +0000] "GET /customers HTTP/1.1" 304 - "http://localhost:3000/customers/new" "Mozilla/5.0 (Macintosh; Intel Mac OS X 10_14_2) AppleWebKit/537.36 (KHTML, like Gecko) Chrome/71.0.3578.98 Safari/537.36"
::1 - - [23/Jan/2019:17:23:51 +0000] "GET /style.css HTTP/1.1" 304 - "http://localhost:3000/customers" "Mozilla/5.0 (Macintosh; Intel Mac OS X 10_14_2) AppleWebKit/537.36 (KHTML, like Gecko) Chrome/71.0.3578.98 Safari/537.36"
::1 - - [23/Jan/2019:17:23:52 +0000] "GET /customers/new HTTP/1.1" 304 - "http://localhost:3000/customers" "Mozilla/5.0 (Macintosh; Intel Mac OS X 10_14_2) AppleWebKit/537.36 (KHTML, like Gecko) Chrome/71.0.3578.98 Safari/537.36"
::1 - - [23/Jan/2019:17:23:52 +0000] "GET /style.css HTTP/1.1" 304 - "http://localhost:3000/customers/new" "Mozilla/5.0 (Macintosh; Intel Mac OS X 10_14_2) AppleWebKit/537.36 (KHTML, like Gecko) Chrome/71.0.3578.98 Safari/537.36"
::1 - - [23/Jan/2019:17:23:53 +0000] "GET /customers HTTP/1.1" 304 - "http://localhost:3000/customers/new" "Mozilla/5.0 (Macintosh; Intel Mac OS X 10_14_2) AppleWebKit/537.36 (KHTML, like Gecko) Chrome/71.0.3578.98 Safari/537.36"
::1 - - [23/Jan/2019:17:23:53 +0000] "GET /style.css HTTP/1.1" 304 - "http://localhost:3000/customers" "Mozilla/5.0 (Macintosh; Intel Mac OS X 10_14_2) AppleWebKit/537.36 (KHTML, like Gecko) Chrome/71.0.3578.98 Safari/537.36"
::1 - - [23/Jan/2019:17:23:54 +0000] "GET /products HTTP/1.1" 304 - "http://localhost:3000/customers" "Mozilla/5.0 (Macintosh; Intel Mac OS X 10_14_2) AppleWebKit/537.36 (KHTML, like Gecko) Chrome/71.0.3578.98 Safari/537.36"
::1 - - [23/Jan/2019:17:23:54 +0000] "GET /style.css HTTP/1.1" 304 - "http://localhost:3000/products" "Mozilla/5.0 (Macintosh; Intel Mac OS X 10_14_2) AppleWebKit/537.36 (KHTML, like Gecko) Chrome/71.0.3578.98 Safari/537.36"
::1 - - [23/Jan/2019:17:23:55 +0000] "GET /products/new HTTP/1.1" 200 772 "http://localhost:3000/products" "Mozilla/5.0 (Macintosh; Intel Mac OS X 10_14_2) AppleWebKit/537.36 (KHTML, like Gecko) Chrome/71.0.3578.98 Safari/537.36"
::1 - - [23/Jan/2019:17:23:55 +0000] "GET /style.css HTTP/1.1" 304 - "http://localhost:3000/products/new" "Mozilla/5.0 (Macintosh; Intel Mac OS X 10_14_2) AppleWebKit/537.36 (KHTML, like Gecko) Chrome/71.0.3578.98 Safari/537.36"
::1 - - [23/Jan/2019:17:23:56 +0000] "GET /customers HTTP/1.1" 304 - "http://localhost:3000/products/new" "Mozilla/5.0 (Macintosh; Intel Mac OS X 10_14_2) AppleWebKit/537.36 (KHTML, like Gecko) Chrome/71.0.3578.98 Safari/537.36"
::1 - - [23/Jan/2019:17:23:56 +0000] "GET /style.css HTTP/1.1" 304 - "http://localhost:3000/customers" "Mozilla/5.0 (Macintosh; Intel Mac OS X 10_14_2) AppleWebKit/537.36 (KHTML, like Gecko) Chrome/71.0.3578.98 Safari/537.36"
::1 - - [23/Jan/2019:17:23:59 +0000] "GET /products HTTP/1.1" 304 - "http://localhost:3000/customers" "Mozilla/5.0 (Macintosh; Intel Mac OS X 10_14_2) AppleWebKit/537.36 (KHTML, like Gecko) Chrome/71.0.3578.98 Safari/537.36"
::1 - - [23/Jan/2019:17:23:59 +0000] "GET /style.css HTTP/1.1" 304 - "http://localhost:3000/products" "Mozilla/5.0 (Macintosh; Intel Mac OS X 10_14_2) AppleWebKit/537.36 (KHTML, like Gecko) Chrome/71.0.3578.98 Safari/537.36"
::1 - - [23/Jan/2019:17:24:20 +0000] "GET /products HTTP/1.1" 304 - "http://localhost:3000/customers" "Mozilla/5.0 (Macintosh; Intel Mac OS X 10_14_2) AppleWebKit/537.36 (KHTML, like Gecko) Chrome/71.0.3578.98 Safari/537.36"
::1 - - [23/Jan/2019:17:24:20 +0000] "GET /style.css HTTP/1.1" 200 61 "http://localhost:3000/products" "Mozilla/5.0 (Macintosh; Intel Mac OS X 10_14_2) AppleWebKit/537.36 (KHTML, like Gecko) Chrome/71.0.3578.98 Safari/537.36"
::1 - - [23/Jan/2019:17:24:22 +0000] "GET /customers HTTP/1.1" 304 - "http://localhost:3000/products" "Mozilla/5.0 (Macintosh; Intel Mac OS X 10_14_2) AppleWebKit/537.36 (KHTML, like Gecko) Chrome/71.0.3578.98 Safari/537.36"
::1 - - [23/Jan/2019:17:24:22 +0000] "GET /style.css HTTP/1.1" 304 - "http://localhost:3000/customers" "Mozilla/5.0 (Macintosh; Intel Mac OS X 10_14_2) AppleWebKit/537.36 (KHTML, like Gecko) Chrome/71.0.3578.98 Safari/537.36"
::1 - - [23/Jan/2019:17:24:23 +0000] "GET /products HTTP/1.1" 304 - "http://localhost:3000/customers" "Mozilla/5.0 (Macintosh; Intel Mac OS X 10_14_2) AppleWebKit/537.36 (KHTML, like Gecko) Chrome/71.0.3578.98 Safari/537.36"
::1 - - [23/Jan/2019:17:24:23 +0000] "GET /style.css HTTP/1.1" 304 - "http://localhost:3000/products" "Mozilla/5.0 (Macintosh; Intel Mac OS X 10_14_2) AppleWebKit/537.36 (KHTML, like Gecko) Chrome/71.0.3578.98 Safari/537.36"
::1 - - [23/Jan/2019:17:24:24 +0000] "GET /customers HTTP/1.1" 304 - "http://localhost:3000/products" "Mozilla/5.0 (Macintosh; Intel Mac OS X 10_14_2) AppleWebKit/537.36 (KHTML, like Gecko) Chrome/71.0.3578.98 Safari/537.36"
::1 - - [23/Jan/2019:17:24:24 +0000] "GET /style.css HTTP/1.1" 304 - "http://localhost:3000/customers" "Mozilla/5.0 (Macintosh; Intel Mac OS X 10_14_2) AppleWebKit/537.36 (KHTML, like Gecko) Chrome/71.0.3578.98 Safari/537.36"
::1 - - [23/Jan/2019:17:24:25 +0000] "GET /products HTTP/1.1" 304 - "http://localhost:3000/customers" "Mozilla/5.0 (Macintosh; Intel Mac OS X 10_14_2) AppleWebKit/537.36 (KHTML, like Gecko) Chrome/71.0.3578.98 Safari/537.36"
::1 - - [23/Jan/2019:17:24:25 +0000] "GET /style.css HTTP/1.1" 304 - "http://localhost:3000/products" "Mozilla/5.0 (Macintosh; Intel Mac OS X 10_14_2) AppleWebKit/537.36 (KHTML, like Gecko) Chrome/71.0.3578.98 Safari/537.36"
::1 - - [23/Jan/2019:17:24:50 +0000] "GET /products HTTP/1.1" 304 - "http://localhost:3000/customers" "Mozilla/5.0 (Macintosh; Intel Mac OS X 10_14_2) AppleWebKit/537.36 (KHTML, like Gecko) Chrome/71.0.3578.98 Safari/537.36"
::1 - - [23/Jan/2019:17:24:50 +0000] "GET /style.css HTTP/1.1" 200 106 "http://localhost:3000/products" "Mozilla/5.0 (Macintosh; Intel Mac OS X 10_14_2) AppleWebKit/537.36 (KHTML, like Gecko) Chrome/71.0.3578.98 Safari/537.36"
::1 - - [23/Jan/2019:17:25:06 +0000] "GET /products HTTP/1.1" 304 - "http://localhost:3000/customers" "Mozilla/5.0 (Macintosh; Intel Mac OS X 10_14_2) AppleWebKit/537.36 (KHTML, like Gecko) Chrome/71.0.3578.98 Safari/537.36"
::1 - - [23/Jan/2019:17:25:06 +0000] "GET /style.css HTTP/1.1" 200 122 "http://localhost:3000/products" "Mozilla/5.0 (Macintosh; Intel Mac OS X 10_14_2) AppleWebKit/537.36 (KHTML, like Gecko) Chrome/71.0.3578.98 Safari/537.36"
::1 - - [23/Jan/2019:17:25:21 +0000] "GET /products HTTP/1.1" 304 - "http://localhost:3000/customers" "Mozilla/5.0 (Macintosh; Intel Mac OS X 10_14_2) AppleWebKit/537.36 (KHTML, like Gecko) Chrome/71.0.3578.98 Safari/537.36"
::1 - - [23/Jan/2019:17:25:21 +0000] "GET /style.css HTTP/1.1" 200 137 "http://localhost:3000/products" "Mozilla/5.0 (Macintosh; Intel Mac OS X 10_14_2) AppleWebKit/537.36 (KHTML, like Gecko) Chrome/71.0.3578.98 Safari/537.36"
::1 - - [23/Jan/2019:17:25:49 +0000] "GET /products HTTP/1.1" 304 - "http://localhost:3000/customers" "Mozilla/5.0 (Macintosh; Intel Mac OS X 10_14_2) AppleWebKit/537.36 (KHTML, like Gecko) Chrome/71.0.3578.98 Safari/537.36"
::1 - - [23/Jan/2019:17:25:49 +0000] "GET /style.css HTTP/1.1" 200 145 "http://localhost:3000/products" "Mozilla/5.0 (Macintosh; Intel Mac OS X 10_14_2) AppleWebKit/537.36 (KHTML, like Gecko) Chrome/71.0.3578.98 Safari/537.36"
::1 - - [23/Jan/2019:17:25:57 +0000] "GET /products HTTP/1.1" 304 - "http://localhost:3000/customers" "Mozilla/5.0 (Macintosh; Intel Mac OS X 10_14_2) AppleWebKit/537.36 (KHTML, like Gecko) Chrome/71.0.3578.98 Safari/537.36"
::1 - - [23/Jan/2019:17:25:58 +0000] "GET /style.css HTTP/1.1" 200 129 "http://localhost:3000/products" "Mozilla/5.0 (Macintosh; Intel Mac OS X 10_14_2) AppleWebKit/537.36 (KHTML, like Gecko) Chrome/71.0.3578.98 Safari/537.36"
::1 - - [23/Jan/2019:17:26:02 +0000] "GET /products HTTP/1.1" 304 - "http://localhost:3000/customers" "Mozilla/5.0 (Macintosh; Intel Mac OS X 10_14_2) AppleWebKit/537.36 (KHTML, like Gecko) Chrome/71.0.3578.98 Safari/537.36"
::1 - - [23/Jan/2019:17:26:02 +0000] "GET /style.css HTTP/1.1" 200 145 "http://localhost:3000/products" "Mozilla/5.0 (Macintosh; Intel Mac OS X 10_14_2) AppleWebKit/537.36 (KHTML, like Gecko) Chrome/71.0.3578.98 Safari/537.36"
::1 - - [23/Jan/2019:17:27:26 +0000] "GET /products HTTP/1.1" 200 765 "http://localhost:3000/customers" "Mozilla/5.0 (Macintosh; Intel Mac OS X 10_14_2) AppleWebKit/537.36 (KHTML, like Gecko) Chrome/71.0.3578.98 Safari/537.36"
::1 - - [23/Jan/2019:17:27:26 +0000] "GET /style.css HTTP/1.1" 200 198 "http://localhost:3000/products" "Mozilla/5.0 (Macintosh; Intel Mac OS X 10_14_2) AppleWebKit/537.36 (KHTML, like Gecko) Chrome/71.0.3578.98 Safari/537.36"
::1 - - [23/Jan/2019:17:27:34 +0000] "GET /products HTTP/1.1" 304 - "http://localhost:3000/customers" "Mozilla/5.0 (Macintosh; Intel Mac OS X 10_14_2) AppleWebKit/537.36 (KHTML, like Gecko) Chrome/71.0.3578.98 Safari/537.36"
::1 - - [23/Jan/2019:17:27:34 +0000] "GET /style.css HTTP/1.1" 200 205 "http://localhost:3000/products" "Mozilla/5.0 (Macintosh; Intel Mac OS X 10_14_2) AppleWebKit/537.36 (KHTML, like Gecko) Chrome/71.0.3578.98 Safari/537.36"
::1 - - [23/Jan/2019:17:27:34 +0000] "GET /products HTTP/1.1" 304 - "http://localhost:3000/customers" "Mozilla/5.0 (Macintosh; Intel Mac OS X 10_14_2) AppleWebKit/537.36 (KHTML, like Gecko) Chrome/71.0.3578.98 Safari/537.36"
::1 - - [23/Jan/2019:17:27:34 +0000] "GET /style.css HTTP/1.1" 304 - "http://localhost:3000/products" "Mozilla/5.0 (Macintosh; Intel Mac OS X 10_14_2) AppleWebKit/537.36 (KHTML, like Gecko) Chrome/71.0.3578.98 Safari/537.36"
::1 - - [23/Jan/2019:17:27:40 +0000] "GET /products HTTP/1.1" 304 - "http://localhost:3000/customers" "Mozilla/5.0 (Macintosh; Intel Mac OS X 10_14_2) AppleWebKit/537.36 (KHTML, like Gecko) Chrome/71.0.3578.98 Safari/537.36"
::1 - - [23/Jan/2019:17:27:40 +0000] "GET /style.css HTTP/1.1" 200 200 "http://localhost:3000/products" "Mozilla/5.0 (Macintosh; Intel Mac OS X 10_14_2) AppleWebKit/537.36 (KHTML, like Gecko) Chrome/71.0.3578.98 Safari/537.36"
::1 - - [23/Jan/2019:17:27:41 +0000] "GET /products HTTP/1.1" 304 - "http://localhost:3000/customers" "Mozilla/5.0 (Macintosh; Intel Mac OS X 10_14_2) AppleWebKit/537.36 (KHTML, like Gecko) Chrome/71.0.3578.98 Safari/537.36"
::1 - - [23/Jan/2019:17:27:41 +0000] "GET /style.css HTTP/1.1" 304 - "http://localhost:3000/products" "Mozilla/5.0 (Macintosh; Intel Mac OS X 10_14_2) AppleWebKit/537.36 (KHTML, like Gecko) Chrome/71.0.3578.98 Safari/537.36"
::1 - - [23/Jan/2019:17:27:56 +0000] "GET /products HTTP/1.1" 304 - "http://localhost:3000/customers" "Mozilla/5.0 (Macintosh; Intel Mac OS X 10_14_2) AppleWebKit/537.36 (KHTML, like Gecko) Chrome/71.0.3578.98 Safari/537.36"
::1 - - [23/Jan/2019:17:27:56 +0000] "GET /style.css HTTP/1.1" 200 198 "http://localhost:3000/products" "Mozilla/5.0 (Macintosh; Intel Mac OS X 10_14_2) AppleWebKit/537.36 (KHTML, like Gecko) Chrome/71.0.3578.98 Safari/537.36"
::1 - - [23/Jan/2019:17:28:49 +0000] "GET /products HTTP/1.1" 200 791 "http://localhost:3000/customers" "Mozilla/5.0 (Macintosh; Intel Mac OS X 10_14_2) AppleWebKit/537.36 (KHTML, like Gecko) Chrome/71.0.3578.98 Safari/537.36"
::1 - - [23/Jan/2019:17:28:49 +0000] "GET /style.css HTTP/1.1" 304 - "http://localhost:3000/products" "Mozilla/5.0 (Macintosh; Intel Mac OS X 10_14_2) AppleWebKit/537.36 (KHTML, like Gecko) Chrome/71.0.3578.98 Safari/537.36"
::1 - - [23/Jan/2019:17:28:50 +0000] "GET /products HTTP/1.1" 304 - "http://localhost:3000/customers" "Mozilla/5.0 (Macintosh; Intel Mac OS X 10_14_2) AppleWebKit/537.36 (KHTML, like Gecko) Chrome/71.0.3578.98 Safari/537.36"
::1 - - [23/Jan/2019:17:28:50 +0000] "GET /style.css HTTP/1.1" 304 - "http://localhost:3000/products" "Mozilla/5.0 (Macintosh; Intel Mac OS X 10_14_2) AppleWebKit/537.36 (KHTML, like Gecko) Chrome/71.0.3578.98 Safari/537.36"
::1 - - [23/Jan/2019:17:28:53 +0000] "GET /products HTTP/1.1" 304 - "http://localhost:3000/customers" "Mozilla/5.0 (Macintosh; Intel Mac OS X 10_14_2) AppleWebKit/537.36 (KHTML, like Gecko) Chrome/71.0.3578.98 Safari/537.36"
::1 - - [23/Jan/2019:17:28:53 +0000] "GET /style.css HTTP/1.1" 304 - "http://localhost:3000/products" "Mozilla/5.0 (Macintosh; Intel Mac OS X 10_14_2) AppleWebKit/537.36 (KHTML, like Gecko) Chrome/71.0.3578.98 Safari/537.36"
::1 - - [23/Jan/2019:17:28:55 +0000] "GET /products HTTP/1.1" 304 - "-" "Mozilla/5.0 (Macintosh; Intel Mac OS X 10_14_2) AppleWebKit/537.36 (KHTML, like Gecko) Chrome/71.0.3578.98 Safari/537.36"
::1 - - [23/Jan/2019:17:28:55 +0000] "GET /style.css HTTP/1.1" 304 - "http://localhost:3000/products" "Mozilla/5.0 (Macintosh; Intel Mac OS X 10_14_2) AppleWebKit/537.36 (KHTML, like Gecko) Chrome/71.0.3578.98 Safari/537.36"
::1 - - [23/Jan/2019:17:28:57 +0000] "GET /products/new HTTP/1.1" 200 798 "http://localhost:3000/products" "Mozilla/5.0 (Macintosh; Intel Mac OS X 10_14_2) AppleWebKit/537.36 (KHTML, like Gecko) Chrome/71.0.3578.98 Safari/537.36"
::1 - - [23/Jan/2019:17:28:57 +0000] "GET /style.css HTTP/1.1" 304 - "http://localhost:3000/products/new" "Mozilla/5.0 (Macintosh; Intel Mac OS X 10_14_2) AppleWebKit/537.36 (KHTML, like Gecko) Chrome/71.0.3578.98 Safari/537.36"
::1 - - [23/Jan/2019:17:28:59 +0000] "GET /customers HTTP/1.1" 200 841 "http://localhost:3000/products/new" "Mozilla/5.0 (Macintosh; Intel Mac OS X 10_14_2) AppleWebKit/537.36 (KHTML, like Gecko) Chrome/71.0.3578.98 Safari/537.36"
::1 - - [23/Jan/2019:17:28:59 +0000] "GET /style.css HTTP/1.1" 304 - "http://localhost:3000/customers" "Mozilla/5.0 (Macintosh; Intel Mac OS X 10_14_2) AppleWebKit/537.36 (KHTML, like Gecko) Chrome/71.0.3578.98 Safari/537.36"
::1 - - [23/Jan/2019:17:29:21 +0000] "GET /customers HTTP/1.1" 304 - "http://localhost:3000/products/new" "Mozilla/5.0 (Macintosh; Intel Mac OS X 10_14_2) AppleWebKit/537.36 (KHTML, like Gecko) Chrome/71.0.3578.98 Safari/537.36"
::1 - - [23/Jan/2019:17:29:21 +0000] "GET /style.css HTTP/1.1" 304 - "http://localhost:3000/customers" "Mozilla/5.0 (Macintosh; Intel Mac OS X 10_14_2) AppleWebKit/537.36 (KHTML, like Gecko) Chrome/71.0.3578.98 Safari/537.36"
::1 - - [23/Jan/2019:17:29:21 +0000] "GET /customers HTTP/1.1" 304 - "http://localhost:3000/products/new" "Mozilla/5.0 (Macintosh; Intel Mac OS X 10_14_2) AppleWebKit/537.36 (KHTML, like Gecko) Chrome/71.0.3578.98 Safari/537.36"
::1 - - [23/Jan/2019:17:29:21 +0000] "GET /style.css HTTP/1.1" 304 - "http://localhost:3000/customers" "Mozilla/5.0 (Macintosh; Intel Mac OS X 10_14_2) AppleWebKit/537.36 (KHTML, like Gecko) Chrome/71.0.3578.98 Safari/537.36"
::1 - - [23/Jan/2019:17:29:21 +0000] "GET /customers HTTP/1.1" 304 - "http://localhost:3000/products/new" "Mozilla/5.0 (Macintosh; Intel Mac OS X 10_14_2) AppleWebKit/537.36 (KHTML, like Gecko) Chrome/71.0.3578.98 Safari/537.36"
::1 - - [23/Jan/2019:17:29:21 +0000] "GET /style.css HTTP/1.1" 304 - "http://localhost:3000/customers" "Mozilla/5.0 (Macintosh; Intel Mac OS X 10_14_2) AppleWebKit/537.36 (KHTML, like Gecko) Chrome/71.0.3578.98 Safari/537.36"
::1 - - [23/Jan/2019:17:29:22 +0000] "GET /customers HTTP/1.1" 304 - "http://localhost:3000/products/new" "Mozilla/5.0 (Macintosh; Intel Mac OS X 10_14_2) AppleWebKit/537.36 (KHTML, like Gecko) Chrome/71.0.3578.98 Safari/537.36"
::1 - - [23/Jan/2019:17:29:22 +0000] "GET /style.css HTTP/1.1" 304 - "http://localhost:3000/customers" "Mozilla/5.0 (Macintosh; Intel Mac OS X 10_14_2) AppleWebKit/537.36 (KHTML, like Gecko) Chrome/71.0.3578.98 Safari/537.36"
::1 - - [23/Jan/2019:17:29:22 +0000] "GET /customers HTTP/1.1" 304 - "http://localhost:3000/customers" "Mozilla/5.0 (Macintosh; Intel Mac OS X 10_14_2) AppleWebKit/537.36 (KHTML, like Gecko) Chrome/71.0.3578.98 Safari/537.36"
::1 - - [23/Jan/2019:17:29:22 +0000] "GET /style.css HTTP/1.1" 304 - "http://localhost:3000/customers" "Mozilla/5.0 (Macintosh; Intel Mac OS X 10_14_2) AppleWebKit/537.36 (KHTML, like Gecko) Chrome/71.0.3578.98 Safari/537.36"
::1 - - [23/Jan/2019:17:29:23 +0000] "GET /customers HTTP/1.1" 304 - "http://localhost:3000/customers" "Mozilla/5.0 (Macintosh; Intel Mac OS X 10_14_2) AppleWebKit/537.36 (KHTML, like Gecko) Chrome/71.0.3578.98 Safari/537.36"
::1 - - [23/Jan/2019:17:29:23 +0000] "GET /style.css HTTP/1.1" 304 - "http://localhost:3000/customers" "Mozilla/5.0 (Macintosh; Intel Mac OS X 10_14_2) AppleWebKit/537.36 (KHTML, like Gecko) Chrome/71.0.3578.98 Safari/537.36"
::1 - - [23/Jan/2019:17:29:23 +0000] "GET /customers HTTP/1.1" 304 - "http://localhost:3000/customers" "Mozilla/5.0 (Macintosh; Intel Mac OS X 10_14_2) AppleWebKit/537.36 (KHTML, like Gecko) Chrome/71.0.3578.98 Safari/537.36"
::1 - - [23/Jan/2019:17:29:23 +0000] "GET /style.css HTTP/1.1" 304 - "http://localhost:3000/customers" "Mozilla/5.0 (Macintosh; Intel Mac OS X 10_14_2) AppleWebKit/537.36 (KHTML, like Gecko) Chrome/71.0.3578.98 Safari/537.36"
::1 - - [23/Jan/2019:17:29:23 +0000] "GET /customers HTTP/1.1" 304 - "http://localhost:3000/customers" "Mozilla/5.0 (Macintosh; Intel Mac OS X 10_14_2) AppleWebKit/537.36 (KHTML, like Gecko) Chrome/71.0.3578.98 Safari/537.36"
::1 - - [23/Jan/2019:17:29:23 +0000] "GET /style.css HTTP/1.1" 304 - "http://localhost:3000/customers" "Mozilla/5.0 (Macintosh; Intel Mac OS X 10_14_2) AppleWebKit/537.36 (KHTML, like Gecko) Chrome/71.0.3578.98 Safari/537.36"
::1 - - [23/Jan/2019:17:29:23 +0000] "GET /products HTTP/1.1" 304 - "http://localhost:3000/customers" "Mozilla/5.0 (Macintosh; Intel Mac OS X 10_14_2) AppleWebKit/537.36 (KHTML, like Gecko) Chrome/71.0.3578.98 Safari/537.36"
::1 - - [23/Jan/2019:17:29:24 +0000] "GET /style.css HTTP/1.1" 304 - "http://localhost:3000/products" "Mozilla/5.0 (Macintosh; Intel Mac OS X 10_14_2) AppleWebKit/537.36 (KHTML, like Gecko) Chrome/71.0.3578.98 Safari/537.36"
::1 - - [23/Jan/2019:17:29:24 +0000] "GET /products HTTP/1.1" 304 - "http://localhost:3000/customers" "Mozilla/5.0 (Macintosh; Intel Mac OS X 10_14_2) AppleWebKit/537.36 (KHTML, like Gecko) Chrome/71.0.3578.98 Safari/537.36"
::1 - - [23/Jan/2019:17:29:24 +0000] "GET /style.css HTTP/1.1" 304 - "http://localhost:3000/products" "Mozilla/5.0 (Macintosh; Intel Mac OS X 10_14_2) AppleWebKit/537.36 (KHTML, like Gecko) Chrome/71.0.3578.98 Safari/537.36"
::1 - - [23/Jan/2019:17:29:24 +0000] "GET /products HTTP/1.1" 304 - "http://localhost:3000/customers" "Mozilla/5.0 (Macintosh; Intel Mac OS X 10_14_2) AppleWebKit/537.36 (KHTML, like Gecko) Chrome/71.0.3578.98 Safari/537.36"
::1 - - [23/Jan/2019:17:29:24 +0000] "GET /style.css HTTP/1.1" 304 - "http://localhost:3000/products" "Mozilla/5.0 (Macintosh; Intel Mac OS X 10_14_2) AppleWebKit/537.36 (KHTML, like Gecko) Chrome/71.0.3578.98 Safari/537.36"
::1 - - [23/Jan/2019:17:29:24 +0000] "GET /products HTTP/1.1" 304 - "http://localhost:3000/customers" "Mozilla/5.0 (Macintosh; Intel Mac OS X 10_14_2) AppleWebKit/537.36 (KHTML, like Gecko) Chrome/71.0.3578.98 Safari/537.36"
::1 - - [23/Jan/2019:17:29:24 +0000] "GET /style.css HTTP/1.1" 304 - "http://localhost:3000/products" "Mozilla/5.0 (Macintosh; Intel Mac OS X 10_14_2) AppleWebKit/537.36 (KHTML, like Gecko) Chrome/71.0.3578.98 Safari/537.36"
::1 - - [23/Jan/2019:17:29:24 +0000] "GET /products HTTP/1.1" 304 - "http://localhost:3000/customers" "Mozilla/5.0 (Macintosh; Intel Mac OS X 10_14_2) AppleWebKit/537.36 (KHTML, like Gecko) Chrome/71.0.3578.98 Safari/537.36"
::1 - - [23/Jan/2019:17:29:24 +0000] "GET /style.css HTTP/1.1" 304 - "http://localhost:3000/products" "Mozilla/5.0 (Macintosh; Intel Mac OS X 10_14_2) AppleWebKit/537.36 (KHTML, like Gecko) Chrome/71.0.3578.98 Safari/537.36"
::1 - - [23/Jan/2019:17:29:25 +0000] "GET /products HTTP/1.1" 304 - "http://localhost:3000/customers" "Mozilla/5.0 (Macintosh; Intel Mac OS X 10_14_2) AppleWebKit/537.36 (KHTML, like Gecko) Chrome/71.0.3578.98 Safari/537.36"
::1 - - [23/Jan/2019:17:29:25 +0000] "GET /style.css HTTP/1.1" 304 - "http://localhost:3000/products" "Mozilla/5.0 (Macintosh; Intel Mac OS X 10_14_2) AppleWebKit/537.36 (KHTML, like Gecko) Chrome/71.0.3578.98 Safari/537.36"
::1 - - [23/Jan/2019:17:29:28 +0000] "GET /products HTTP/1.1" 304 - "http://localhost:3000/customers" "Mozilla/5.0 (Macintosh; Intel Mac OS X 10_14_2) AppleWebKit/537.36 (KHTML, like Gecko) Chrome/71.0.3578.98 Safari/537.36"
::1 - - [23/Jan/2019:17:29:28 +0000] "GET /style.css HTTP/1.1" 304 - "http://localhost:3000/products" "Mozilla/5.0 (Macintosh; Intel Mac OS X 10_14_2) AppleWebKit/537.36 (KHTML, like Gecko) Chrome/71.0.3578.98 Safari/537.36"
::1 - - [23/Jan/2019:17:29:28 +0000] "GET /products HTTP/1.1" 304 - "http://localhost:3000/customers" "Mozilla/5.0 (Macintosh; Intel Mac OS X 10_14_2) AppleWebKit/537.36 (KHTML, like Gecko) Chrome/71.0.3578.98 Safari/537.36"
::1 - - [23/Jan/2019:17:29:28 +0000] "GET /style.css HTTP/1.1" 304 - "http://localhost:3000/products" "Mozilla/5.0 (Macintosh; Intel Mac OS X 10_14_2) AppleWebKit/537.36 (KHTML, like Gecko) Chrome/71.0.3578.98 Safari/537.36"
::1 - - [23/Jan/2019:17:29:29 +0000] "GET /products HTTP/1.1" 304 - "-" "Mozilla/5.0 (Macintosh; Intel Mac OS X 10_14_2) AppleWebKit/537.36 (KHTML, like Gecko) Chrome/71.0.3578.98 Safari/537.36"
::1 - - [23/Jan/2019:17:29:29 +0000] "GET /style.css HTTP/1.1" 304 - "http://localhost:3000/products" "Mozilla/5.0 (Macintosh; Intel Mac OS X 10_14_2) AppleWebKit/537.36 (KHTML, like Gecko) Chrome/71.0.3578.98 Safari/537.36"
::1 - - [23/Jan/2019:17:29:38 +0000] "GET /products HTTP/1.1" 304 - "-" "Mozilla/5.0 (Macintosh; Intel Mac OS X 10_14_2) AppleWebKit/537.36 (KHTML, like Gecko) Chrome/71.0.3578.98 Safari/537.36"
::1 - - [23/Jan/2019:17:29:38 +0000] "GET /style.css HTTP/1.1" 200 198 "http://localhost:3000/products" "Mozilla/5.0 (Macintosh; Intel Mac OS X 10_14_2) AppleWebKit/537.36 (KHTML, like Gecko) Chrome/71.0.3578.98 Safari/537.36"
::1 - - [23/Jan/2019:17:30:02 +0000] "GET /products HTTP/1.1" 200 804 "-" "Mozilla/5.0 (Macintosh; Intel Mac OS X 10_14_2) AppleWebKit/537.36 (KHTML, like Gecko) Chrome/71.0.3578.98 Safari/537.36"
::1 - - [23/Jan/2019:17:30:02 +0000] "GET /style.css HTTP/1.1" 304 - "http://localhost:3000/products" "Mozilla/5.0 (Macintosh; Intel Mac OS X 10_14_2) AppleWebKit/537.36 (KHTML, like Gecko) Chrome/71.0.3578.98 Safari/537.36"
::1 - - [23/Jan/2019:17:30:09 +0000] "GET /products HTTP/1.1" 304 - "http://localhost:3000/products" "Mozilla/5.0 (Macintosh; Intel Mac OS X 10_14_2) AppleWebKit/537.36 (KHTML, like Gecko) Chrome/71.0.3578.98 Safari/537.36"
::1 - - [23/Jan/2019:17:30:09 +0000] "GET /style.css HTTP/1.1" 304 - "http://localhost:3000/products" "Mozilla/5.0 (Macintosh; Intel Mac OS X 10_14_2) AppleWebKit/537.36 (KHTML, like Gecko) Chrome/71.0.3578.98 Safari/537.36"
::1 - - [23/Jan/2019:17:30:10 +0000] "GET /customers HTTP/1.1" 200 757 "http://localhost:3000/products" "Mozilla/5.0 (Macintosh; Intel Mac OS X 10_14_2) AppleWebKit/537.36 (KHTML, like Gecko) Chrome/71.0.3578.98 Safari/537.36"
::1 - - [23/Jan/2019:17:30:10 +0000] "GET /style.css HTTP/1.1" 304 - "http://localhost:3000/customers" "Mozilla/5.0 (Macintosh; Intel Mac OS X 10_14_2) AppleWebKit/537.36 (KHTML, like Gecko) Chrome/71.0.3578.98 Safari/537.36"
::1 - - [23/Jan/2019:17:30:30 +0000] "GET /customers HTTP/1.1" 200 757 "http://localhost:3000/products" "Mozilla/5.0 (Macintosh; Intel Mac OS X 10_14_2) AppleWebKit/537.36 (KHTML, like Gecko) Chrome/71.0.3578.98 Safari/537.36"
::1 - - [23/Jan/2019:17:30:30 +0000] "GET /style.css HTTP/1.1" 304 - "http://localhost:3000/customers" "Mozilla/5.0 (Macintosh; Intel Mac OS X 10_14_2) AppleWebKit/537.36 (KHTML, like Gecko) Chrome/71.0.3578.98 Safari/537.36"
::1 - - [23/Jan/2019:17:31:44 +0000] "GET /customers HTTP/1.1" 304 - "http://localhost:3000/products" "Mozilla/5.0 (Macintosh; Intel Mac OS X 10_14_2) AppleWebKit/537.36 (KHTML, like Gecko) Chrome/71.0.3578.98 Safari/537.36"
::1 - - [23/Jan/2019:17:31:44 +0000] "GET /style.css HTTP/1.1" 200 226 "http://localhost:3000/customers" "Mozilla/5.0 (Macintosh; Intel Mac OS X 10_14_2) AppleWebKit/537.36 (KHTML, like Gecko) Chrome/71.0.3578.98 Safari/537.36"
::1 - - [23/Jan/2019:17:32:32 +0000] "GET /customers HTTP/1.1" 304 - "http://localhost:3000/products" "Mozilla/5.0 (Macintosh; Intel Mac OS X 10_14_2) AppleWebKit/537.36 (KHTML, like Gecko) Chrome/71.0.3578.98 Safari/537.36"
::1 - - [23/Jan/2019:17:32:32 +0000] "GET /style.css HTTP/1.1" 200 252 "http://localhost:3000/customers" "Mozilla/5.0 (Macintosh; Intel Mac OS X 10_14_2) AppleWebKit/537.36 (KHTML, like Gecko) Chrome/71.0.3578.98 Safari/537.36"
::1 - - [23/Jan/2019:17:32:48 +0000] "GET /customers HTTP/1.1" 304 - "http://localhost:3000/products" "Mozilla/5.0 (Macintosh; Intel Mac OS X 10_14_2) AppleWebKit/537.36 (KHTML, like Gecko) Chrome/71.0.3578.98 Safari/537.36"
::1 - - [23/Jan/2019:17:32:48 +0000] "GET /style.css HTTP/1.1" 200 270 "http://localhost:3000/customers" "Mozilla/5.0 (Macintosh; Intel Mac OS X 10_14_2) AppleWebKit/537.36 (KHTML, like Gecko) Chrome/71.0.3578.98 Safari/537.36"
::1 - - [23/Jan/2019:17:33:00 +0000] "GET /customers HTTP/1.1" 304 - "http://localhost:3000/products" "Mozilla/5.0 (Macintosh; Intel Mac OS X 10_14_2) AppleWebKit/537.36 (KHTML, like Gecko) Chrome/71.0.3578.98 Safari/537.36"
::1 - - [23/Jan/2019:17:33:00 +0000] "GET /style.css HTTP/1.1" 200 290 "http://localhost:3000/customers" "Mozilla/5.0 (Macintosh; Intel Mac OS X 10_14_2) AppleWebKit/537.36 (KHTML, like Gecko) Chrome/71.0.3578.98 Safari/537.36"
::1 - - [23/Jan/2019:17:36:34 +0000] "GET /customers HTTP/1.1" 200 831 "http://localhost:3000/products" "Mozilla/5.0 (Macintosh; Intel Mac OS X 10_14_2) AppleWebKit/537.36 (KHTML, like Gecko) Chrome/71.0.3578.98 Safari/537.36"
::1 - - [23/Jan/2019:17:36:34 +0000] "GET /style.css HTTP/1.1" 304 - "http://localhost:3000/customers" "Mozilla/5.0 (Macintosh; Intel Mac OS X 10_14_2) AppleWebKit/537.36 (KHTML, like Gecko) Chrome/71.0.3578.98 Safari/537.36"
::1 - - [23/Jan/2019:17:36:34 +0000] "GET /images/favicon.png HTTP/1.1" 404 157 "http://localhost:3000/customers" "Mozilla/5.0 (Macintosh; Intel Mac OS X 10_14_2) AppleWebKit/537.36 (KHTML, like Gecko) Chrome/71.0.3578.98 Safari/537.36"
::1 - - [23/Jan/2019:17:36:35 +0000] "GET /customers HTTP/1.1" 304 - "http://localhost:3000/products" "Mozilla/5.0 (Macintosh; Intel Mac OS X 10_14_2) AppleWebKit/537.36 (KHTML, like Gecko) Chrome/71.0.3578.98 Safari/537.36"
::1 - - [23/Jan/2019:17:36:35 +0000] "GET /style.css HTTP/1.1" 304 - "http://localhost:3000/customers" "Mozilla/5.0 (Macintosh; Intel Mac OS X 10_14_2) AppleWebKit/537.36 (KHTML, like Gecko) Chrome/71.0.3578.98 Safari/537.36"
::1 - - [23/Jan/2019:17:36:35 +0000] "GET /customers HTTP/1.1" 304 - "http://localhost:3000/products" "Mozilla/5.0 (Macintosh; Intel Mac OS X 10_14_2) AppleWebKit/537.36 (KHTML, like Gecko) Chrome/71.0.3578.98 Safari/537.36"
::1 - - [23/Jan/2019:17:36:35 +0000] "GET /style.css HTTP/1.1" 304 - "http://localhost:3000/customers" "Mozilla/5.0 (Macintosh; Intel Mac OS X 10_14_2) AppleWebKit/537.36 (KHTML, like Gecko) Chrome/71.0.3578.98 Safari/537.36"
::1 - - [23/Jan/2019:17:36:36 +0000] "GET /customers HTTP/1.1" 304 - "-" "Mozilla/5.0 (Macintosh; Intel Mac OS X 10_14_2) AppleWebKit/537.36 (KHTML, like Gecko) Chrome/71.0.3578.98 Safari/537.36"
::1 - - [23/Jan/2019:17:36:36 +0000] "GET /style.css HTTP/1.1" 304 - "http://localhost:3000/customers" "Mozilla/5.0 (Macintosh; Intel Mac OS X 10_14_2) AppleWebKit/537.36 (KHTML, like Gecko) Chrome/71.0.3578.98 Safari/537.36"
::1 - - [23/Jan/2019:17:36:38 +0000] "GET /products HTTP/1.1" 200 878 "http://localhost:3000/customers" "Mozilla/5.0 (Macintosh; Intel Mac OS X 10_14_2) AppleWebKit/537.36 (KHTML, like Gecko) Chrome/71.0.3578.98 Safari/537.36"
::1 - - [23/Jan/2019:17:36:38 +0000] "GET /style.css HTTP/1.1" 304 - "http://localhost:3000/products" "Mozilla/5.0 (Macintosh; Intel Mac OS X 10_14_2) AppleWebKit/537.36 (KHTML, like Gecko) Chrome/71.0.3578.98 Safari/537.36"
::1 - - [23/Jan/2019:17:36:39 +0000] "GET /customers HTTP/1.1" 304 - "http://localhost:3000/products" "Mozilla/5.0 (Macintosh; Intel Mac OS X 10_14_2) AppleWebKit/537.36 (KHTML, like Gecko) Chrome/71.0.3578.98 Safari/537.36"
::1 - - [23/Jan/2019:17:36:39 +0000] "GET /style.css HTTP/1.1" 304 - "http://localhost:3000/customers" "Mozilla/5.0 (Macintosh; Intel Mac OS X 10_14_2) AppleWebKit/537.36 (KHTML, like Gecko) Chrome/71.0.3578.98 Safari/537.36"
::1 - - [23/Jan/2019:17:36:43 +0000] "GET /customers HTTP/1.1" 304 - "http://localhost:3000/products" "Mozilla/5.0 (Macintosh; Intel Mac OS X 10_14_2) AppleWebKit/537.36 (KHTML, like Gecko) Chrome/71.0.3578.98 Safari/537.36"
::1 - - [23/Jan/2019:17:36:43 +0000] "GET /style.css HTTP/1.1" 304 - "http://localhost:3000/customers" "Mozilla/5.0 (Macintosh; Intel Mac OS X 10_14_2) AppleWebKit/537.36 (KHTML, like Gecko) Chrome/71.0.3578.98 Safari/537.36"
::1 - - [23/Jan/2019:17:36:43 +0000] "GET /customers HTTP/1.1" 304 - "http://localhost:3000/products" "Mozilla/5.0 (Macintosh; Intel Mac OS X 10_14_2) AppleWebKit/537.36 (KHTML, like Gecko) Chrome/71.0.3578.98 Safari/537.36"
::1 - - [23/Jan/2019:17:36:43 +0000] "GET /style.css HTTP/1.1" 304 - "http://localhost:3000/customers" "Mozilla/5.0 (Macintosh; Intel Mac OS X 10_14_2) AppleWebKit/537.36 (KHTML, like Gecko) Chrome/71.0.3578.98 Safari/537.36"
::1 - - [23/Jan/2019:17:36:51 +0000] "GET /customers HTTP/1.1" 200 832 "http://localhost:3000/products" "Mozilla/5.0 (Macintosh; Intel Mac OS X 10_14_2) AppleWebKit/537.36 (KHTML, like Gecko) Chrome/71.0.3578.98 Safari/537.36"
::1 - - [23/Jan/2019:17:36:51 +0000] "GET /style.css HTTP/1.1" 304 - "http://localhost:3000/customers" "Mozilla/5.0 (Macintosh; Intel Mac OS X 10_14_2) AppleWebKit/537.36 (KHTML, like Gecko) Chrome/71.0.3578.98 Safari/537.36"
::1 - - [23/Jan/2019:17:36:51 +0000] "GET /customers HTTP/1.1" 304 - "http://localhost:3000/products" "Mozilla/5.0 (Macintosh; Intel Mac OS X 10_14_2) AppleWebKit/537.36 (KHTML, like Gecko) Chrome/71.0.3578.98 Safari/537.36"
::1 - - [23/Jan/2019:17:36:51 +0000] "GET /style.css HTTP/1.1" 304 - "http://localhost:3000/customers" "Mozilla/5.0 (Macintosh; Intel Mac OS X 10_14_2) AppleWebKit/537.36 (KHTML, like Gecko) Chrome/71.0.3578.98 Safari/537.36"
::1 - - [23/Jan/2019:17:36:56 +0000] "GET /customers HTTP/1.1" 200 833 "http://localhost:3000/products" "Mozilla/5.0 (Macintosh; Intel Mac OS X 10_14_2) AppleWebKit/537.36 (KHTML, like Gecko) Chrome/71.0.3578.98 Safari/537.36"
::1 - - [23/Jan/2019:17:36:56 +0000] "GET /style.css HTTP/1.1" 304 - "http://localhost:3000/customers" "Mozilla/5.0 (Macintosh; Intel Mac OS X 10_14_2) AppleWebKit/537.36 (KHTML, like Gecko) Chrome/71.0.3578.98 Safari/537.36"
::1 - - [23/Jan/2019:17:36:56 +0000] "GET /customers HTTP/1.1" 304 - "http://localhost:3000/products" "Mozilla/5.0 (Macintosh; Intel Mac OS X 10_14_2) AppleWebKit/537.36 (KHTML, like Gecko) Chrome/71.0.3578.98 Safari/537.36"
::1 - - [23/Jan/2019:17:36:56 +0000] "GET /style.css HTTP/1.1" 304 - "http://localhost:3000/customers" "Mozilla/5.0 (Macintosh; Intel Mac OS X 10_14_2) AppleWebKit/537.36 (KHTML, like Gecko) Chrome/71.0.3578.98 Safari/537.36"
::1 - - [23/Jan/2019:17:37:01 +0000] "GET /customers HTTP/1.1" 200 830 "http://localhost:3000/products" "Mozilla/5.0 (Macintosh; Intel Mac OS X 10_14_2) AppleWebKit/537.36 (KHTML, like Gecko) Chrome/71.0.3578.98 Safari/537.36"
::1 - - [23/Jan/2019:17:37:01 +0000] "GET /style.css HTTP/1.1" 304 - "http://localhost:3000/customers" "Mozilla/5.0 (Macintosh; Intel Mac OS X 10_14_2) AppleWebKit/537.36 (KHTML, like Gecko) Chrome/71.0.3578.98 Safari/537.36"
::1 - - [23/Jan/2019:17:37:01 +0000] "GET /customers HTTP/1.1" 304 - "http://localhost:3000/products" "Mozilla/5.0 (Macintosh; Intel Mac OS X 10_14_2) AppleWebKit/537.36 (KHTML, like Gecko) Chrome/71.0.3578.98 Safari/537.36"
::1 - - [23/Jan/2019:17:37:01 +0000] "GET /style.css HTTP/1.1" 304 - "http://localhost:3000/customers" "Mozilla/5.0 (Macintosh; Intel Mac OS X 10_14_2) AppleWebKit/537.36 (KHTML, like Gecko) Chrome/71.0.3578.98 Safari/537.36"
::1 - - [23/Jan/2019:17:37:02 +0000] "GET /customers HTTP/1.1" 304 - "http://localhost:3000/products" "Mozilla/5.0 (Macintosh; Intel Mac OS X 10_14_2) AppleWebKit/537.36 (KHTML, like Gecko) Chrome/71.0.3578.98 Safari/537.36"
::1 - - [23/Jan/2019:17:37:02 +0000] "GET /style.css HTTP/1.1" 304 - "http://localhost:3000/customers" "Mozilla/5.0 (Macintosh; Intel Mac OS X 10_14_2) AppleWebKit/537.36 (KHTML, like Gecko) Chrome/71.0.3578.98 Safari/537.36"
::1 - - [23/Jan/2019:17:37:02 +0000] "GET /customers HTTP/1.1" 304 - "http://localhost:3000/products" "Mozilla/5.0 (Macintosh; Intel Mac OS X 10_14_2) AppleWebKit/537.36 (KHTML, like Gecko) Chrome/71.0.3578.98 Safari/537.36"
::1 - - [23/Jan/2019:17:37:02 +0000] "GET /style.css HTTP/1.1" 304 - "http://localhost:3000/customers" "Mozilla/5.0 (Macintosh; Intel Mac OS X 10_14_2) AppleWebKit/537.36 (KHTML, like Gecko) Chrome/71.0.3578.98 Safari/537.36"
::1 - - [23/Jan/2019:17:37:24 +0000] "GET /customers HTTP/1.1" 200 831 "http://localhost:3000/products" "Mozilla/5.0 (Macintosh; Intel Mac OS X 10_14_2) AppleWebKit/537.36 (KHTML, like Gecko) Chrome/71.0.3578.98 Safari/537.36"
::1 - - [23/Jan/2019:17:37:24 +0000] "GET /style.css HTTP/1.1" 304 - "http://localhost:3000/customers" "Mozilla/5.0 (Macintosh; Intel Mac OS X 10_14_2) AppleWebKit/537.36 (KHTML, like Gecko) Chrome/71.0.3578.98 Safari/537.36"
::1 - - [23/Jan/2019:17:37:24 +0000] "GET /images/favicon.ico HTTP/1.1" 200 - "http://localhost:3000/customers" "Mozilla/5.0 (Macintosh; Intel Mac OS X 10_14_2) AppleWebKit/537.36 (KHTML, like Gecko) Chrome/71.0.3578.98 Safari/537.36"
::1 - - [23/Jan/2019:17:37:55 +0000] "GET /customers HTTP/1.1" 304 - "http://localhost:3000/products" "Mozilla/5.0 (Macintosh; Intel Mac OS X 10_14_2) AppleWebKit/537.36 (KHTML, like Gecko) Chrome/71.0.3578.98 Safari/537.36"
::1 - - [23/Jan/2019:17:37:55 +0000] "GET /style.css HTTP/1.1" 304 - "http://localhost:3000/customers" "Mozilla/5.0 (Macintosh; Intel Mac OS X 10_14_2) AppleWebKit/537.36 (KHTML, like Gecko) Chrome/71.0.3578.98 Safari/537.36"
::1 - - [23/Jan/2019:17:37:55 +0000] "GET /images/favicon.ico HTTP/1.1" 200 - "http://localhost:3000/customers" "Mozilla/5.0 (Macintosh; Intel Mac OS X 10_14_2) AppleWebKit/537.36 (KHTML, like Gecko) Chrome/71.0.3578.98 Safari/537.36"
::1 - - [23/Jan/2019:17:37:57 +0000] "GET /customers HTTP/1.1" 304 - "http://localhost:3000/customers" "Mozilla/5.0 (Macintosh; Intel Mac OS X 10_14_2) AppleWebKit/537.36 (KHTML, like Gecko) Chrome/71.0.3578.98 Safari/537.36"
::1 - - [23/Jan/2019:17:37:57 +0000] "GET /style.css HTTP/1.1" 304 - "http://localhost:3000/customers" "Mozilla/5.0 (Macintosh; Intel Mac OS X 10_14_2) AppleWebKit/537.36 (KHTML, like Gecko) Chrome/71.0.3578.98 Safari/537.36"
::1 - - [23/Jan/2019:17:37:58 +0000] "GET /products HTTP/1.1" 200 878 "http://localhost:3000/customers" "Mozilla/5.0 (Macintosh; Intel Mac OS X 10_14_2) AppleWebKit/537.36 (KHTML, like Gecko) Chrome/71.0.3578.98 Safari/537.36"
::1 - - [23/Jan/2019:17:37:58 +0000] "GET /style.css HTTP/1.1" 304 - "http://localhost:3000/products" "Mozilla/5.0 (Macintosh; Intel Mac OS X 10_14_2) AppleWebKit/537.36 (KHTML, like Gecko) Chrome/71.0.3578.98 Safari/537.36"
::1 - - [23/Jan/2019:17:38:00 +0000] "GET /products/3/edit HTTP/1.1" 200 787 "http://localhost:3000/products" "Mozilla/5.0 (Macintosh; Intel Mac OS X 10_14_2) AppleWebKit/537.36 (KHTML, like Gecko) Chrome/71.0.3578.98 Safari/537.36"
::1 - - [23/Jan/2019:17:38:00 +0000] "GET /style.css HTTP/1.1" 304 - "http://localhost:3000/products/3/edit" "Mozilla/5.0 (Macintosh; Intel Mac OS X 10_14_2) AppleWebKit/537.36 (KHTML, like Gecko) Chrome/71.0.3578.98 Safari/537.36"
::1 - - [23/Jan/2019:17:38:34 +0000] "GET /products/3/edit HTTP/1.1" 200 865 "-" "Mozilla/5.0 (Macintosh; Intel Mac OS X 10_14_2) AppleWebKit/537.36 (KHTML, like Gecko) Chrome/71.0.3578.98 Safari/537.36"
::1 - - [23/Jan/2019:17:38:34 +0000] "GET /style.css HTTP/1.1" 304 - "http://localhost:3000/products/3/edit" "Mozilla/5.0 (Macintosh; Intel Mac OS X 10_14_2) AppleWebKit/537.36 (KHTML, like Gecko) Chrome/71.0.3578.98 Safari/537.36"
::1 - - [23/Jan/2019:17:38:36 +0000] "GET /customers HTTP/1.1" 304 - "http://localhost:3000/products/3/edit" "Mozilla/5.0 (Macintosh; Intel Mac OS X 10_14_2) AppleWebKit/537.36 (KHTML, like Gecko) Chrome/71.0.3578.98 Safari/537.36"
::1 - - [23/Jan/2019:17:38:36 +0000] "GET /style.css HTTP/1.1" 304 - "http://localhost:3000/customers" "Mozilla/5.0 (Macintosh; Intel Mac OS X 10_14_2) AppleWebKit/537.36 (KHTML, like Gecko) Chrome/71.0.3578.98 Safari/537.36"
::1 - - [23/Jan/2019:17:38:37 +0000] "GET /products HTTP/1.1" 304 - "http://localhost:3000/customers" "Mozilla/5.0 (Macintosh; Intel Mac OS X 10_14_2) AppleWebKit/537.36 (KHTML, like Gecko) Chrome/71.0.3578.98 Safari/537.36"
::1 - - [23/Jan/2019:17:38:37 +0000] "GET /style.css HTTP/1.1" 304 - "http://localhost:3000/products" "Mozilla/5.0 (Macintosh; Intel Mac OS X 10_14_2) AppleWebKit/537.36 (KHTML, like Gecko) Chrome/71.0.3578.98 Safari/537.36"
::1 - - [23/Jan/2019:17:38:39 +0000] "GET /products/3/edit HTTP/1.1" 304 - "http://localhost:3000/products" "Mozilla/5.0 (Macintosh; Intel Mac OS X 10_14_2) AppleWebKit/537.36 (KHTML, like Gecko) Chrome/71.0.3578.98 Safari/537.36"
::1 - - [23/Jan/2019:17:38:39 +0000] "GET /style.css HTTP/1.1" 304 - "http://localhost:3000/products/3/edit" "Mozilla/5.0 (Macintosh; Intel Mac OS X 10_14_2) AppleWebKit/537.36 (KHTML, like Gecko) Chrome/71.0.3578.98 Safari/537.36"
::1 - - [23/Jan/2019:17:38:40 +0000] "GET /customers HTTP/1.1" 304 - "http://localhost:3000/products/3/edit" "Mozilla/5.0 (Macintosh; Intel Mac OS X 10_14_2) AppleWebKit/537.36 (KHTML, like Gecko) Chrome/71.0.3578.98 Safari/537.36"
::1 - - [23/Jan/2019:17:38:40 +0000] "GET /style.css HTTP/1.1" 304 - "http://localhost:3000/customers" "Mozilla/5.0 (Macintosh; Intel Mac OS X 10_14_2) AppleWebKit/537.36 (KHTML, like Gecko) Chrome/71.0.3578.98 Safari/537.36"
::1 - - [23/Jan/2019:17:38:41 +0000] "GET /customers/new HTTP/1.1" 200 884 "http://localhost:3000/customers" "Mozilla/5.0 (Macintosh; Intel Mac OS X 10_14_2) AppleWebKit/537.36 (KHTML, like Gecko) Chrome/71.0.3578.98 Safari/537.36"
::1 - - [23/Jan/2019:17:38:41 +0000] "GET /style.css HTTP/1.1" 304 - "http://localhost:3000/customers/new" "Mozilla/5.0 (Macintosh; Intel Mac OS X 10_14_2) AppleWebKit/537.36 (KHTML, like Gecko) Chrome/71.0.3578.98 Safari/537.36"
::1 - - [23/Jan/2019:17:39:22 +0000] "GET /customers/new HTTP/1.1" 200 897 "http://localhost:3000/customers" "Mozilla/5.0 (Macintosh; Intel Mac OS X 10_14_2) AppleWebKit/537.36 (KHTML, like Gecko) Chrome/71.0.3578.98 Safari/537.36"
::1 - - [23/Jan/2019:17:39:22 +0000] "GET /style.css HTTP/1.1" 304 - "http://localhost:3000/customers/new" "Mozilla/5.0 (Macintosh; Intel Mac OS X 10_14_2) AppleWebKit/537.36 (KHTML, like Gecko) Chrome/71.0.3578.98 Safari/537.36"
::1 - - [23/Jan/2019:17:39:22 +0000] "GET /images/favicon.ico HTTP/1.1" 200 - "http://localhost:3000/customers/new" "Mozilla/5.0 (Macintosh; Intel Mac OS X 10_14_2) AppleWebKit/537.36 (KHTML, like Gecko) Chrome/71.0.3578.98 Safari/537.36"
::1 - - [23/Jan/2019:17:39:23 +0000] "GET /customers HTTP/1.1" 304 - "http://localhost:3000/customers/new" "Mozilla/5.0 (Macintosh; Intel Mac OS X 10_14_2) AppleWebKit/537.36 (KHTML, like Gecko) Chrome/71.0.3578.98 Safari/537.36"
::1 - - [23/Jan/2019:17:39:23 +0000] "GET /style.css HTTP/1.1" 304 - "http://localhost:3000/customers" "Mozilla/5.0 (Macintosh; Intel Mac OS X 10_14_2) AppleWebKit/537.36 (KHTML, like Gecko) Chrome/71.0.3578.98 Safari/537.36"
::1 - - [23/Jan/2019:17:39:25 +0000] "GET /products HTTP/1.1" 304 - "http://localhost:3000/customers" "Mozilla/5.0 (Macintosh; Intel Mac OS X 10_14_2) AppleWebKit/537.36 (KHTML, like Gecko) Chrome/71.0.3578.98 Safari/537.36"
::1 - - [23/Jan/2019:17:39:25 +0000] "GET /style.css HTTP/1.1" 304 - "http://localhost:3000/products" "Mozilla/5.0 (Macintosh; Intel Mac OS X 10_14_2) AppleWebKit/537.36 (KHTML, like Gecko) Chrome/71.0.3578.98 Safari/537.36"
::1 - - [23/Jan/2019:17:39:26 +0000] "GET /customers HTTP/1.1" 304 - "http://localhost:3000/products" "Mozilla/5.0 (Macintosh; Intel Mac OS X 10_14_2) AppleWebKit/537.36 (KHTML, like Gecko) Chrome/71.0.3578.98 Safari/537.36"
::1 - - [23/Jan/2019:17:39:26 +0000] "GET /style.css HTTP/1.1" 304 - "http://localhost:3000/customers" "Mozilla/5.0 (Macintosh; Intel Mac OS X 10_14_2) AppleWebKit/537.36 (KHTML, like Gecko) Chrome/71.0.3578.98 Safari/537.36"
::1 - - [23/Jan/2019:17:39:26 +0000] "GET /customers/new HTTP/1.1" 304 - "http://localhost:3000/customers" "Mozilla/5.0 (Macintosh; Intel Mac OS X 10_14_2) AppleWebKit/537.36 (KHTML, like Gecko) Chrome/71.0.3578.98 Safari/537.36"
::1 - - [23/Jan/2019:17:39:26 +0000] "GET /style.css HTTP/1.1" 304 - "http://localhost:3000/customers/new" "Mozilla/5.0 (Macintosh; Intel Mac OS X 10_14_2) AppleWebKit/537.36 (KHTML, like Gecko) Chrome/71.0.3578.98 Safari/537.36"
::1 - - [23/Jan/2019:17:39:27 +0000] "GET /products HTTP/1.1" 304 - "http://localhost:3000/customers/new" "Mozilla/5.0 (Macintosh; Intel Mac OS X 10_14_2) AppleWebKit/537.36 (KHTML, like Gecko) Chrome/71.0.3578.98 Safari/537.36"
::1 - - [23/Jan/2019:17:39:27 +0000] "GET /style.css HTTP/1.1" 304 - "http://localhost:3000/products" "Mozilla/5.0 (Macintosh; Intel Mac OS X 10_14_2) AppleWebKit/537.36 (KHTML, like Gecko) Chrome/71.0.3578.98 Safari/537.36"
::1 - - [23/Jan/2019:17:39:34 +0000] "GET /products/0 HTTP/1.1" 200 466 "http://localhost:3000/products" "Mozilla/5.0 (Macintosh; Intel Mac OS X 10_14_2) AppleWebKit/537.36 (KHTML, like Gecko) Chrome/71.0.3578.98 Safari/537.36"
::1 - - [23/Jan/2019:17:39:34 +0000] "GET /style.css HTTP/1.1" 304 - "http://localhost:3000/products/0" "Mozilla/5.0 (Macintosh; Intel Mac OS X 10_14_2) AppleWebKit/537.36 (KHTML, like Gecko) Chrome/71.0.3578.98 Safari/537.36"
::1 - - [23/Jan/2019:17:39:38 +0000] "GET /products HTTP/1.1" 304 - "http://localhost:3000/products/0" "Mozilla/5.0 (Macintosh; Intel Mac OS X 10_14_2) AppleWebKit/537.36 (KHTML, like Gecko) Chrome/71.0.3578.98 Safari/537.36"
::1 - - [23/Jan/2019:17:39:38 +0000] "GET /style.css HTTP/1.1" 304 - "http://localhost:3000/products" "Mozilla/5.0 (Macintosh; Intel Mac OS X 10_14_2) AppleWebKit/537.36 (KHTML, like Gecko) Chrome/71.0.3578.98 Safari/537.36"
